01:31:23 **** Incremental Build of configuration Debug for project MPDD_Final_Project_v1 ****
make -j12 all 
arm-none-eabi-gcc "../Core/Src/main.c" -mcpu=cortex-m7 -std=gnu11 -g3 -DDEBUG -DUSE_HAL_DRIVER -DSTM32F746xx -c -I../Core/Inc -I../Drivers/STM32F7xx_HAL_Driver/Inc -I../Drivers/STM32F7xx_HAL_Driver/Inc/Legacy -I../Drivers/CMSIS/Device/ST/STM32F7xx/Include -I../Drivers/CMSIS/Include -I../USB_DEVICE/App -I../USB_DEVICE/Target -I../Middlewares/ST/STM32_USB_Device_Library/Core/Inc -I../Middlewares/ST/STM32_USB_Device_Library/Class/CDC/Inc -O0 -ffunction-sections -fdata-sections -Wall -fstack-usage -fcyclomatic-complexity -MMD -MP -MF"Core/Src/main.d" -MT"Core/Src/main.o" --specs=nano.specs -mfpu=fpv5-sp-d16 -mfloat-abi=hard -mthumb -o "Core/Src/main.o"
../Core/Src/main.c: In function 'main':
../Core/Src/main.c:147:31: warning: unused variable 'msg' [-Wunused-variable]
  147 |                         char *msg = "Hello BLE Module!";
      |                               ^~~
../Core/Src/main.c:161:40: warning: implicit declaration of function 'USBD_CDC_GetRxBuffer'; did you mean 'USBD_CDC_SetRxBuffer'? [-Wimplicit-function-declaration]
  161 |                             numBytes = USBD_CDC_GetRxBuffer(&hUsbDeviceFS, &buf);
      |                                        ^~~~~~~~~~~~~~~~~~~~
      |                                        USBD_CDC_SetRxBuffer
../Core/Src/main.c:130:39: warning: unused variable 'GetRxBuffer' [-Wunused-variable]
  130 |             extern USBD_HandleTypeDef GetRxBuffer;
      |                                       ^~~~~~~~~~~
../Core/Src/main.c:128:22: warning: unused variable 'count' [-Wunused-variable]
  128 |             uint32_t count = 0;
      |                      ^~~~~
../Core/Src/main.c:127:18: warning: unused variable 'buffer' [-Wunused-variable]
  127 |          uint8_t buffer[1024];
      |                  ^~~~~~
../Core/Src/main.c:126:18: warning: unused variable 'pinInt' [-Wunused-variable]
  126 |         uint32_t pinInt = 0;
      |                  ^~~~~~
arm-none-eabi-gcc -o "MPDD_Final_Project_v1.elf" @"objects.list"   -mcpu=cortex-m7 -T"C:\Dropbox\PC (4)\Documents\GitHub\STM32-Bluetooth-Communication\Hopton_Project2\STM32F746ZGTX_FLASH.ld" --specs=nosys.specs -Wl,-Map="MPDD_Final_Project_v1.map" -Wl,--gc-sections -static --specs=nano.specs -mfpu=fpv5-sp-d16 -mfloat-abi=hard -mthumb -Wl,--start-group -lc -lm -Wl,--end-group
C:/ST/STM32CubeIDE_1.13.1/STM32CubeIDE/plugins/com.st.stm32cube.ide.mcu.externaltools.gnu-tools-for-stm32.11.3.rel1.win32_1.1.0.202305231506/tools/bin/../lib/gcc/arm-none-eabi/11.3.1/../../../../arm-none-eabi/bin/ld.exe: ./Core/Src/main.o: in function `main':
C:/Dropbox/PC (4)/Documents/GitHub/STM32-Bluetooth-Communication/Hopton_Project2/Debug/../Core/Src/main.c:161: undefined reference to `USBD_CDC_GetRxBuffer'
collect2.exe: error: ld returned 1 exit status
make: *** [makefile:68: MPDD_Final_Project_v1.elf] Error 1
"make -j12 all" terminated with exit code 2. Build might be incomplete.
01:45:23 **** Incremental Build of configuration Debug for project MPDD_Final_Project_v1 ****
make -j12 all 
arm-none-eabi-gcc "../Core/Src/main.c" -mcpu=cortex-m7 -std=gnu11 -g3 -DDEBUG -DUSE_HAL_DRIVER -DSTM32F746xx -c -I../Core/Inc -I../Drivers/STM32F7xx_HAL_Driver/Inc -I../Drivers/STM32F7xx_HAL_Driver/Inc/Legacy -I../Drivers/CMSIS/Device/ST/STM32F7xx/Include -I../Drivers/CMSIS/Include -I../USB_DEVICE/App -I../USB_DEVICE/Target -I../Middlewares/ST/STM32_USB_Device_Library/Core/Inc -I../Middlewares/ST/STM32_USB_Device_Library/Class/CDC/Inc -O0 -ffunction-sections -fdata-sections -Wall -fstack-usage -fcyclomatic-complexity -MMD -MP -MF"Core/Src/main.d" -MT"Core/Src/main.o" --specs=nano.specs -mfpu=fpv5-sp-d16 -mfloat-abi=hard -mthumb -o "Core/Src/main.o"
../Core/Src/main.c: In function 'main':
../Core/Src/main.c:129:39: warning: unused variable 'hUsbDeviceFS' [-Wunused-variable]
  129 |             extern USBD_HandleTypeDef hUsbDeviceFS;
      |                                       ^~~~~~~~~~~~
../Core/Src/main.c:128:22: warning: unused variable 'count' [-Wunused-variable]
  128 |             uint32_t count = 0;
      |                      ^~~~~
../Core/Src/main.c:127:18: warning: unused variable 'buffer' [-Wunused-variable]
  127 |          uint8_t buffer[1024];
      |                  ^~~~~~
../Core/Src/main.c:126:18: warning: unused variable 'pinInt' [-Wunused-variable]
  126 |         uint32_t pinInt = 0;
      |                  ^~~~~~
arm-none-eabi-gcc -o "MPDD_Final_Project_v1.elf" @"objects.list"   -mcpu=cortex-m7 -T"C:\Dropbox\PC (4)\Documents\GitHub\STM32-Bluetooth-Communication\Hopton_Project2\STM32F746ZGTX_FLASH.ld" --specs=nosys.specs -Wl,-Map="MPDD_Final_Project_v1.map" -Wl,--gc-sections -static --specs=nano.specs -mfpu=fpv5-sp-d16 -mfloat-abi=hard -mthumb -Wl,--start-group -lc -lm -Wl,--end-group
Finished building target: MPDD_Final_Project_v1.elf
 
arm-none-eabi-size   MPDD_Final_Project_v1.elf 
arm-none-eabi-objdump -h -S  MPDD_Final_Project_v1.elf  > "MPDD_Final_Project_v1.list"
   text	   data	    bss	    dec	    hex	filename
  42136	    388	   8948	  51472	   c910	MPDD_Final_Project_v1.elf
Finished building: default.size.stdout
 
Finished building: MPDD_Final_Project_v1.list
 
